This is LuaTeX, Version beta-0.79.1 (TeX Live 2014) (rev 4971)  (format=lualatex 2014.5.25)  16 FEB 2016 09:00
 restricted \write18 enabled.
**resume_tindall_nathan.tex
(./resume_tindall_nathan.tex
LaTeX2e <2014/05/01>
Babel <3.9k> and hyphenation patterns for 78 languages loaded.
(./deedy-resume.cls
Document Class: deedy-resume 2014/04/30 CV class
(/usr/local/texlive/2014/texmf-dist/tex/latex/base/article.cls
Document Class: article 2007/10/19 v1.4h Standard LaTeX document class
(/usr/local/texlive/2014/texmf-dist/tex/latex/base/size10.clo
File: size10.clo 2007/10/19 v1.4h Standard LaTeX file (size option)
)
\c@part=\count79
\c@section=\count80
\c@subsection=\count81
\c@subsubsection=\count82
\c@paragraph=\count83
\c@subparagraph=\count84
\c@figure=\count85
\c@table=\count86
\abovecaptionskip=\skip41
\belowcaptionskip=\skip42
\bibindent=\dimen102
)
(/usr/local/texlive/2014/texmf-dist/tex/latex/hyperref/hyperref.sty
Package: hyperref 2012/11/06 v6.83m Hypertext links for LaTeX

(/usr/local/texlive/2014/texmf-dist/tex/generic/oberdiek/hobsub-hyperref.sty
Package: hobsub-hyperref 2012/05/28 v1.13 Bundle oberdiek, subset hyperref (HO)

(/usr/local/texlive/2014/texmf-dist/tex/generic/oberdiek/hobsub-generic.sty
Package: hobsub-generic 2012/05/28 v1.13 Bundle oberdiek, subset generic (HO)
Package: hobsub 2012/05/28 v1.13 Construct package bundles (HO)
Package: infwarerr 2010/04/08 v1.3 Providing info/warning/error messages (HO)
Package: ltxcmds 2011/11/09 v1.22 LaTeX kernel commands for general use (HO)
Package: ifluatex 2010/03/01 v1.3 Provides the ifluatex switch (HO)
Package ifluatex Info: LuaTeX detected.
Package: ifvtex 2010/03/01 v1.5 Detect VTeX and its facilities (HO)
Package ifvtex Info: VTeX not detected.
Package: intcalc 2007/09/27 v1.1 Expandable calculations with integers (HO)
Package: ifpdf 2011/01/30 v2.3 Provides the ifpdf switch (HO)
Package ifpdf Info: pdfTeX in PDF mode is detected.
Package: etexcmds 2011/02/16 v1.5 Avoid name clashes with e-TeX commands (HO)
Package: kvsetkeys 2012/04/25 v1.16 Key value parser (HO)
Package: kvdefinekeys 2011/04/07 v1.3 Define keys (HO)
Package: luatex-loader 2010/03/09 v0.4 Lua module loader (HO)

(/usr/local/texlive/2014/texmf-dist/scripts/oberdiek/oberdiek.luatex.lua)
Package: pdftexcmds 2011/11/29 v0.20 Utility functions of pdfTeX for LuaTeX (HO)

Package pdftexcmds Info: \pdf@primitive is available.
Package pdftexcmds Info: \pdf@ifprimitive is available.
Package pdftexcmds Info: \pdfdraftmode found.
\pdftexcmds@toks=\toks14
Package: pdfescape 2011/11/25 v1.13 Implements pdfTeX's escape features (HO)
Package: bigintcalc 2012/04/08 v1.3 Expandable calculations on big integers (HO)

Package: bitset 2011/01/30 v1.1 Handle bit-vector datatype (HO)
Package: uniquecounter 2011/01/30 v1.2 Provide unlimited unique counter (HO)
)
Package hobsub Info: Skipping package `hobsub' (already loaded).
Package: letltxmacro 2010/09/02 v1.4 Let assignment for LaTeX macros (HO)
Package: hopatch 2012/05/28 v1.2 Wrapper for package hooks (HO)
Package: xcolor-patch 2011/01/30 xcolor patch
Package: atveryend 2011/06/30 v1.8 Hooks at the very end of document (HO)
Package atveryend Info: \enddocument detected (standard20110627).
Package: atbegshi 2011/10/05 v1.16 At begin shipout hook (HO)
Package: refcount 2011/10/16 v3.4 Data extraction from label references (HO)
Package: hycolor 2011/01/30 v1.7 Color options for hyperref/bookmark (HO)
)
(/usr/local/texlive/2014/texmf-dist/tex/latex/graphics/keyval.sty
Package: keyval 2014/05/08 v1.15 key=value parser (DPC)
\KV@toks@=\toks15
)
(/usr/local/texlive/2014/texmf-dist/tex/generic/ifxetex/ifxetex.sty
Package: ifxetex 2010/09/12 v0.6 Provides ifxetex conditional
)
(/usr/local/texlive/2014/texmf-dist/tex/latex/oberdiek/auxhook.sty
Package: auxhook 2011/03/04 v1.3 Hooks for auxiliary files (HO)
)
(/usr/local/texlive/2014/texmf-dist/tex/latex/oberdiek/kvoptions.sty
Package: kvoptions 2011/06/30 v3.11 Key value format for package options (HO)
)
\@linkdim=\dimen103
\Hy@linkcounter=\count87
\Hy@pagecounter=\count88

(/usr/local/texlive/2014/texmf-dist/tex/latex/hyperref/pd1enc.def
File: pd1enc.def 2012/11/06 v6.83m Hyperref: PDFDocEncoding definition (HO)
)
\Hy@SavedSpaceFactor=\count89

(/usr/local/texlive/2014/texmf-dist/tex/latex/latexconfig/hyperref.cfg
File: hyperref.cfg 2002/06/06 v1.2 hyperref configuration of TeXLive
)
Package hyperref Info: Hyper figures OFF on input line 4443.
Package hyperref Info: Link nesting OFF on input line 4448.
Package hyperref Info: Hyper index ON on input line 4451.
Package hyperref Info: Plain pages OFF on input line 4458.
Package hyperref Info: Backreferencing OFF on input line 4463.
Package hyperref Info: Implicit mode ON; LaTeX internals redefined.
Package hyperref Info: Bookmarks ON on input line 4688.
\c@Hy@tempcnt=\count90

(/usr/local/texlive/2014/texmf-dist/tex/latex/url/url.sty
\Urlmuskip=\muskip10
Package: url 2013/09/16  ver 3.4  Verb mode for urls, etc.
)
LaTeX Info: Redefining \url on input line 5041.
\XeTeXLinkMargin=\dimen104
\Fld@menulength=\count91
\Field@Width=\dimen105
\Fld@charsize=\dimen106
Package hyperref Info: Hyper figures OFF on input line 6295.
Package hyperref Info: Link nesting OFF on input line 6300.
Package hyperref Info: Hyper index ON on input line 6303.
Package hyperref Info: backreferencing OFF on input line 6310.
Package hyperref Info: Link coloring OFF on input line 6315.
Package hyperref Info: Link coloring with OCG OFF on input line 6320.
Package hyperref Info: PDF/A mode OFF on input line 6325.
LaTeX Info: Redefining \ref on input line 6365.
LaTeX Info: Redefining \pageref on input line 6369.
\Hy@abspage=\count92
\c@Item=\count93
\c@Hfootnote=\count94
)

Package hyperref Message: Driver (autodetected): hpdftex.

(/usr/local/texlive/2014/texmf-dist/tex/latex/hyperref/hpdftex.def
File: hpdftex.def 2012/11/06 v6.83m Hyperref driver for pdfTeX
\Fld@listcount=\count95
\c@bookmark@seq@number=\count96

(/usr/local/texlive/2014/texmf-dist/tex/latex/oberdiek/rerunfilecheck.sty
Package: rerunfilecheck 2011/04/15 v1.7 Rerun checks for auxiliary files (HO)
Package uniquecounter Info: New unique counter `rerunfilecheck' on input line 28
2.
)
\Hy@SectionHShift=\skip43
)
(/usr/local/texlive/2014/texmf-dist/tex/latex/xcolor/xcolor.sty
Package: xcolor 2007/01/21 v2.11 LaTeX color extensions (UK)

(/usr/local/texlive/2014/texmf-dist/tex/latex/latexconfig/color.cfg
File: color.cfg 2007/01/18 v1.5 color configuration of teTeX/TeXLive
)
Package xcolor Info: Package option `usenames' ignored on input line 216.
Package xcolor Info: Driver file: pdftex.def on input line 225.

(/usr/local/texlive/2014/texmf-dist/tex/latex/pdftex-def/pdftex.def
File: pdftex.def 2011/05/27 v0.06d Graphics/color for pdfTeX
\Gread@gobject=\count97
)
Package xcolor Info: Model `cmy' substituted by `cmy0' on input line 1337.
Package xcolor Info: Model `hsb' substituted by `rgb' on input line 1341.
Package xcolor Info: Model `RGB' extended on input line 1353.
Package xcolor Info: Model `HTML' substituted by `rgb' on input line 1355.
Package xcolor Info: Model `Hsb' substituted by `hsb' on input line 1356.
Package xcolor Info: Model `tHsb' substituted by `hsb' on input line 1357.
Package xcolor Info: Model `HSB' substituted by `hsb' on input line 1358.
Package xcolor Info: Model `Gray' substituted by `gray' on input line 1359.
Package xcolor Info: Model `wave' substituted by `hsb' on input line 1360.

(/usr/local/texlive/2014/texmf-dist/tex/latex/graphics/dvipsnam.def
File: dvipsnam.def 2014/04/23 v3.0j Driver-dependant file (DPC,SPQR)
))
(/usr/local/texlive/2014/texmf-dist/tex/latex/fontspec/fontspec.sty
Package: fontspec 2013/05/20 v2.3c Font selection for XeLaTeX and LuaLaTeX

(/usr/local/texlive/2014/texmf-dist/tex/latex/l3kernel/expl3.sty
Package: expl3 2014/05/20 v4814 L3 programming layer (loader) 

(/usr/local/texlive/2014/texmf-dist/tex/latex/l3kernel/expl3-code.tex
Package: expl3 2014/05/20 v4814 L3 programming layer (code) 
L3 Module: l3bootstrap 2014/05/16 v4782 L3 Bootstrap code

(/usr/local/texlive/2014/texmf-dist/tex/latex/etex-pkg/etex.sty
Package: etex 1998/03/26 v2.0 eTeX basic definition package (PEB)
\et@xins=\count98
)
(/usr/local/texlive/2014/texmf-dist/tex/generic/oberdiek/luatex.sty
Package: luatex 2010/03/09 v0.4 LuaTeX basic definition package (HO)
\LuT@AllocAttribute=\count277
\LuT@AllocCatcodeTable=\count278
\CatcodeTableStack=\count279
\CatcodeTableIniTeX=\catcodetable1
\CatcodeTableString=\catcodetable3
\CatcodeTableOther=\catcodetable5
\CatcodeTableLaTeX=\catcodetable7
)
L3 Module: l3names 2014/05/04 v4728 L3 Namespace for primitives
L3 Module: l3basics 2014/05/04 v4728 L3 Basic definitions
L3 Module: l3expan 2014/04/30 v4712 L3 Argument expansion
L3 Module: l3tl 2014/05/04 v4728 L3 Token lists
L3 Module: l3seq 2014/04/30 v4712 L3 Sequences and stacks
L3 Module: l3int 2014/05/16 v4776 L3 Integers
\c_max_int=\count280
\l_tmpa_int=\count281
\l_tmpb_int=\count282
\g_tmpa_int=\count283
\g_tmpb_int=\count284
L3 Module: l3quark 2014/05/04 v4728 L3 Quarks
L3 Module: l3prg 2014/05/04 v4728 L3 Control structures
\g__prg_map_int=\count285
L3 Module: l3clist 2014/05/04 v4728 L3 Comma separated lists
L3 Module: l3token 2014/05/04 v4728 L3 Experimental token manipulation
L3 Module: l3prop 2014/04/30 v4712 L3 Property lists
L3 Module: l3msg 2014/05/04 v4728 L3 Messages
L3 Module: l3file 2014/05/05 v4737 L3 File and I/O operations
\l_iow_line_count_int=\count286
\l__iow_target_count_int=\count287
\l__iow_current_line_int=\count288
\l__iow_current_word_int=\count289
\l__iow_current_indentation_int=\count290
L3 Module: l3skip 2014/05/05 v4738 L3 Dimensions and skips
\c_zero_dim=\dimen256
\c_max_dim=\dimen257
\l_tmpa_dim=\dimen258
\l_tmpb_dim=\dimen259
\g_tmpa_dim=\dimen260
\g_tmpb_dim=\dimen261
\c_zero_skip=\skip256
\c_max_skip=\skip257
\l_tmpa_skip=\skip258
\l_tmpb_skip=\skip259
\g_tmpa_skip=\skip260
\g_tmpb_skip=\skip261
\c_zero_muskip=\muskip11
\c_max_muskip=\muskip12
\l_tmpa_muskip=\muskip13
\l_tmpb_muskip=\muskip14
\g_tmpa_muskip=\muskip15
\g_tmpb_muskip=\muskip16
L3 Module: l3keys 2014/05/08 v4753 L3 Key-value interfaces
\g__keyval_level_int=\count291
\l_keys_choice_int=\count292
L3 Module: l3fp 2014/04/30 v4712 L3 Floating points
\c__fp_leading_shift_int=\count293
\c__fp_middle_shift_int=\count294
\c__fp_trailing_shift_int=\count295
\c__fp_big_leading_shift_int=\count296
\c__fp_big_middle_shift_int=\count297
\c__fp_big_trailing_shift_int=\count298
\c__fp_Bigg_leading_shift_int=\count299
\c__fp_Bigg_middle_shift_int=\count300
\c__fp_Bigg_trailing_shift_int=\count301
L3 Module: l3box 2014/05/04 v4728 L3 Experimental boxes
\c_empty_box=\box256
\l_tmpa_box=\box257
\l_tmpb_box=\box258
\g_tmpa_box=\box259
\g_tmpb_box=\box260
L3 Module: l3coffins 2014/05/04 v4728 L3 Coffin code layer
\l__coffin_internal_box=\box261
\l__coffin_internal_dim=\dimen262
\l__coffin_offset_x_dim=\dimen263
\l__coffin_offset_y_dim=\dimen264
\l__coffin_x_dim=\dimen265
\l__coffin_y_dim=\dimen266
\l__coffin_x_prime_dim=\dimen267
\l__coffin_y_prime_dim=\dimen268
\c_empty_coffin=\box262
\l__coffin_aligned_coffin=\box263
\l__coffin_aligned_internal_coffin=\box264
\l_tmpa_coffin=\box265
\l_tmpb_coffin=\box266
\l__coffin_display_coffin=\box267
\l__coffin_display_coord_coffin=\box268
\l__coffin_display_pole_coffin=\box269
\l__coffin_display_offset_dim=\dimen269
\l__coffin_display_x_dim=\dimen270
\l__coffin_display_y_dim=\dimen271
L3 Module: l3color 2014/04/30 v4712 L3 Experimental color support
L3 Module: l3luatex 2014/04/30 v4712 L3 Experimental LuaTeX-specific functions
\g__cctab_allocate_int=\count302
\g__cctab_stack_int=\count303
\c_code_cctab=\catcodetable9
L3 Module: l3candidates 2014/05/04 v4734 L3 Experimental additions to l3kernel
\l__box_top_dim=\dimen272
\l__box_bottom_dim=\dimen273
\l__box_left_dim=\dimen274
\l__box_right_dim=\dimen275
\l__box_top_new_dim=\dimen276
\l__box_bottom_new_dim=\dimen277
\l__box_left_new_dim=\dimen278
\l__box_right_new_dim=\dimen279
\l__box_internal_box=\box270
\l__coffin_bounding_shift_dim=\dimen280
\l__coffin_left_corner_dim=\dimen281
\l__coffin_right_corner_dim=\dimen282
\l__coffin_bottom_corner_dim=\dimen283
\l__coffin_top_corner_dim=\dimen284
\l__coffin_scaled_total_height_dim=\dimen285
\l__coffin_scaled_width_dim=\dimen286
))
(/usr/local/texlive/2014/texmf-dist/tex/latex/l3packages/xparse/xparse.sty
Package: xparse 2014/05/05 v4740 L3 Experimental document command parser
\l__xparse_current_arg_int=\count304
\l__xparse_m_args_int=\count305
\l__xparse_mandatory_args_int=\count306
\l__xparse_processor_int=\count307
\l__xparse_v_nesting_int=\count308
)
(/usr/local/texlive/2014/texmf-dist/tex/luatex/luaotfload/luaotfload.sty
Package: luaotfload 2014/05/18 v2.4-4 OpenType layout system

(/usr/local/texlive/2014/texmf-dist/tex/luatex/luatexbase/luatexbase.sty
Package: luatexbase 2013/05/11 v0.6 Resource management for the LuaTeX macro pro
grammer

(/usr/local/texlive/2014/texmf-dist/tex/luatex/luatexbase/luatexbase-compat.sty
Package: luatexbase-compat 2011/05/24 v0.4 Compatibility tools for LuaTeX
)
(/usr/local/texlive/2014/texmf-dist/tex/luatex/luatexbase/luatexbase-modutils.s
ty
Package: luatexbase-modutils 2013/05/11 v0.6 Module utilities for LuaTeX

(/usr/local/texlive/2014/texmf-dist/tex/luatex/luatexbase/luatexbase-loader.sty
Package: luatexbase-loader 2013/05/11 v0.6 Lua module loader for LuaTeX
(/usr/local/texlive/2014/texmf-dist/tex/luatex/luatexbase/luatexbase.loader.lua)
)
(/usr/local/texlive/2014/texmf-dist/tex/luatex/luatexbase/modutils.lua)
Lua module: luatexbase-modutils 2013/05/11 0.6 Module utilities for LuaTeX
)
(/usr/local/texlive/2014/texmf-dist/tex/luatex/luatexbase/luatexbase-regs.sty
Package: luatexbase-regs 2011/05/24 v0.4 Registers allocation for LuaTeX
)
(/usr/local/texlive/2014/texmf-dist/tex/luatex/luatexbase/luatexbase-attr.sty
Package: luatexbase-attr 2013/05/11 v0.6 Attributes allocation for LuaTeX

(/usr/local/texlive/2014/texmf-dist/tex/luatex/luatexbase/attr.lua)
Lua module: luatexbase-attr 2013/05/11 0.6 Attributes allocation for LuaTeX
\lltxb@attr@unsetvalue=\count309
)
(/usr/local/texlive/2014/texmf-dist/tex/luatex/luatexbase/luatexbase-cctb.sty
Package: luatexbase-cctb 2013/05/11 v0.6 Catcodetable allocation for LuaTeX

(/usr/local/texlive/2014/texmf-dist/tex/luatex/luatexbase/cctb.lua)
Lua module: luatexbase-cctb 2013/05/11 0.6 Catcodetable allocation for LuaTeX
\lltxb@catcodetable@alloc=\count310
\CatcodeTableStack=\count311
\CatcodeTableIniTeX=\luatexcatcodetable1
\CatcodeTableString=\luatexcatcodetable3
\CatcodeTableOther=\luatexcatcodetable5
\CatcodeTableLaTeX=\luatexcatcodetable7
\CatcodeTableLaTeXAtLetter=\luatexcatcodetable9
\CatcodeTableExpl=\luatexcatcodetable11
)
(/usr/local/texlive/2014/texmf-dist/tex/luatex/luatexbase/luatexbase-mcb.sty
Package: luatexbase-mcb 2013/05/11 v0.6 Callback management for LuaTeX

(/usr/local/texlive/2014/texmf-dist/tex/luatex/luatexbase/mcb.lua)
Lua module: luatexbase-mcb 2013/05/11 0.6 register several functions in a callba
ck
))
(/usr/local/texlive/2014/texmf-dist/tex/luatex/luaotfload/luaotfload.lua)
Lua module: luaotfload 2014/05/18 2.40005 OpenType layout system.
luaotfload: push namespace for font loader
(/usr/local/texlive/2014/texmf-dist/tex/luatex/luaotfload/luaotfload-fontloader.
lua)(using write cache: /Users/ntindall/Library/texlive/2014/texmf-var/luatex-ca
che/generic)(using read cache: /usr/local/texlive/2014/texmf-var/luatex-cache/ge
neric /Users/ntindall/Library/texlive/2014/texmf-var/luatex-cache/generic)
luatexbase-attr: luatexbase.attributes["luaotfload@kernpair"] = 1
luatexbase-attr: luatexbase.attributes["luaotfload@ligacomp"] = 2
luatexbase-attr: luatexbase.attributes["luaotfload@markbase"] = 3
luatexbase-attr: luatexbase.attributes["luaotfload@markmark"] = 4
luatexbase-attr: luatexbase.attributes["luaotfload@markdone"] = 5
luatexbase-attr: luatexbase.attributes["luaotfload@cursbase"] = 6
luatexbase-attr: luatexbase.attributes["luaotfload@curscurs"] = 7
luatexbase-attr: luatexbase.attributes["luaotfload@cursdone"] = 8
luatexbase-attr: luatexbase.attributes["luaotfload@state"] = 9
luaotfload: "I am using the merged version of 'luaotfload.lua' here.
luaotfload:  If you run into problems or experience unexpected
luaotfload:  behaviour, and if you have ConTeXt installed you can try
luaotfload:  to delete the file 'luaotfload-merged.lua' as I might
luaotfload:  then use the possibly updated libraries. The merged
luaotfload:  version is not supported as it is a frozen instance.
luaotfload:  Problems can be reported to the ConTeXt mailing list."
luaotfload: pop namespace from font loader -- non-destructive
luaotfload: fontloader loaded in 0.023 seconds
luatexbase-mcb: inserting 'luaotfload.node_processor'
at position 1 in 'pre_linebreak_filter'
luatexbase-mcb: inserting 'luaotfload.node_processor'
at position 1 in 'hpack_filter'
luatexbase-mcb: inserting 'luaotfload.find_vf_file'
at position 1 in 'find_vf_file'
(/usr/local/texlive/2014/texmf-dist/tex/luatex/luaotfload/luaotfload-override.lu
a)
(/usr/local/texlive/2014/texmf-dist/tex/luatex/luaotfload/luaotfload-loaders.lua
)
(/usr/local/texlive/2014/texmf-dist/tex/luatex/luaotfload/luaotfload-database.lu
a)
luaotfload | db : Shell escape disabled or tput executable missing.
luaotfload | db : Assuming 79 cols terminal width.
luaotfload | db : Root cache directory is /Users/ntindall/Library/texlive/2014/t
exmf-var/luatex-cache/generic/names.
luaotfload | cache : Caching of name: lookups active.
(/usr/local/texlive/2014/texmf-dist/tex/luatex/luaotfload/luaotfload-colors.lua)
luatexbase-mcb: creating 'luaotfload.resolve_font' type 4
luatexbase-mcb: creating 'luaotfload.patch_font' type 4
luatexbase-mcb: resetting callback 'define_font'
luatexbase-mcb: inserting 'luaotfload.define_font'
at position 1 in 'define_font'
(/usr/local/texlive/2014/texmf-dist/tex/luatex/luaotfload/luaotfload-features.lu
a)
(/usr/local/texlive/2014/texmf-dist/tex/luatex/luaotfload/luaotfload-letterspace
.lua)
(/usr/local/texlive/2014/texmf-dist/tex/luatex/luaotfload/luaotfload-auxiliary.l
ua)
luatexbase-mcb: inserting 'luaotfload.aux.set_sscale_dimens'
at position 1 in 'luaotfload.patch_font'
luatexbase-mcb: inserting 'luaotfload.aux.patch_cambria_domh'
at position 2 in 'luaotfload.patch_font'
luatexbase-mcb: inserting 'luaotfload.aux.set_capheight'
at position 3 in 'luaotfload.patch_font'
luatexbase-mcb: inserting 'luaotfload.rewrite_fontname'
at position 4 in 'luaotfload.patch_font'
luaotfload | aux : start rewriting tfmdata.name field)
(/usr/local/texlive/2014/texmf-dist/tex/latex/fontspec/fontspec.lua)
Lua module: fontspec 2013/05/20 2.3c Advanced font selection for LuaLaTeX.
\l_fontspec_script_int=\count312
\l_fontspec_language_int=\count313
\l_fontspec_strnum_int=\count314
\l_fontspec_tmpa_dim=\dimen287
\l_fontspec_tmpb_dim=\dimen288
\l_fontspec_tmpc_dim=\dimen289
Variant \tl_gset:cV already defined; not changing it on line 69

(/usr/local/texlive/2014/texmf-dist/tex/latex/fontspec/fontspec-patches.sty
Package: fontspec-patches 2013/05/20 v2.3c Font selection for XeLaTeX and LuaLaT
eX

(/usr/local/texlive/2014/texmf-dist/tex/latex/base/fixltx2e.sty
Package: fixltx2e 2014/05/13 v1.1q fixes to LaTeX
LaTeX Info: Redefining \em on input line 429.
)
LaTeX Info: Redefining \em on input line 22.
LaTeX Info: Redefining \emph on input line 30.
LaTeX Info: Redefining \- on input line 33.

*************************************************
* LaTeX warning: "xparse/redefine-command"
* 
* Redefining document command \oldstylenums with arg. spec. 'm' on line 128.
*************************************************
.................................................
. LaTeX info: "xparse/define-command"
. 
. Defining document command \liningnums with arg. spec. 'm' on line 132.
.................................................
) (/usr/local/texlive/2014/texmf-dist/tex/latex/fontspec/fontspec-luatex.sty
Package: fontspec-luatex 2013/05/20 v2.3c Font selection for XeLaTeX and LuaLaTe
X

(/usr/local/texlive/2014/texmf-dist/tex/latex/base/fontenc.sty
Package: fontenc 2005/09/27 v1.99g Standard LaTeX package

(/usr/local/texlive/2014/texmf-dist/tex/latex/euenc/eu2enc.def
File: eu2enc.def 2010/05/27 v0.1h Experimental Unicode font encodings
)
LaTeX Font Info:    Try loading font information for EU2+lmr on input line 100.

(/usr/local/texlive/2014/texmf-dist/tex/latex/euenc/eu2lmr.fd
File: eu2lmr.fd 2009/10/30 v1.6 Font defs for Latin Modern
)
luaotfload | load : auto-selecting default features for script: latn
luaotfload | load : no defaults for script "latn", falling back to "dflt"
luaotfload | db : Font names database loaded(load luc: /Users/ntindall/Library/t
exlive/2014/texmf-var/luatex-cache/generic/fonts/otf/lmroman10-regular.luc))
(/usr/local/texlive/2014/texmf-dist/tex/xelatex/xunicode/xunicode.sty
File: xunicode.sty 2011/09/09 v0.981 provides access to latin accents and many o
ther characters in Unicode lower plane

(/usr/local/texlive/2014/texmf-dist/tex/latex/tipa/t3enc.def
File: t3enc.def 2001/12/31 T3 encoding
luaotfload | load : auto-selecting default features for script: latn
luaotfload | load : no defaults for script "latn", falling back to "dflt"(load l
uc: /Users/ntindall/Library/texlive/2014/texmf-var/luatex-cache/generic/fonts/ot
f/lmromanslant10-regular.luc)
luaotfload | load : auto-selecting default features for script: latn
luaotfload | load : no defaults for script "latn", falling back to "dflt"(load l
uc: /Users/ntindall/Library/texlive/2014/texmf-var/luatex-cache/generic/fonts/ot
f/lmroman10-italic.luc)
luaotfload | load : auto-selecting default features for script: latn
luaotfload | load : no defaults for script "latn", falling back to "dflt"(load l
uc: /Users/ntindall/Library/texlive/2014/texmf-var/luatex-cache/generic/fonts/ot
f/lmroman10-bold.luc)
LaTeX Font Info:    Try loading font information for EU2+lmss on input line 357.


(/usr/local/texlive/2014/texmf-dist/tex/latex/euenc/eu2lmss.fd
File: eu2lmss.fd 2009/10/30 v1.6 Font defs for Latin Modern
)
luaotfload | load : auto-selecting default features for script: latn
luaotfload | load : no defaults for script "latn", falling back to "dflt"(load l
uc: /Users/ntindall/Library/texlive/2014/texmf-var/luatex-cache/generic/fonts/ot
f/lmsans10-regular.luc))
\tipaTiiicode=\count315
\tipasavetokens=\toks16
\tipachecktokens=\toks17

(/usr/local/texlive/2014/texmf-dist/tex/latex/graphics/graphicx.sty
Package: graphicx 2014/04/25 v1.0g Enhanced LaTeX Graphics (DPC,SPQR)

(/usr/local/texlive/2014/texmf-dist/tex/latex/graphics/graphics.sty
Package: graphics 2009/02/05 v1.0o Standard LaTeX Graphics (DPC,SPQR)

(/usr/local/texlive/2014/texmf-dist/tex/latex/graphics/trig.sty
Package: trig 1999/03/16 v1.09 sin cos tan (DPC)
)
(/usr/local/texlive/2014/texmf-dist/tex/latex/latexconfig/graphics.cfg
File: graphics.cfg 2010/04/23 v1.9 graphics configuration of TeX Live
)
Package graphics Info: Driver file: pdftex.def on input line 91.
)
\Gin@req@height=\dimen290
\Gin@req@width=\dimen291
))
.................................................
. LaTeX info: "xparse/define-command"
. 
. Defining document command \fontspec with arg. spec. 'O{}m' on line 44.
.................................................
.................................................
. LaTeX info: "xparse/define-command"
. 
. Defining document command \setmainfont with arg. spec. 'O{}m' on line 49.
.................................................
.................................................
. LaTeX info: "xparse/define-command"
. 
. Defining document command \setsansfont with arg. spec. 'O{}m' on line 54.
.................................................
.................................................
. LaTeX info: "xparse/define-command"
. 
. Defining document command \setmonofont with arg. spec. 'O{}m' on line 59.
.................................................
.................................................
. LaTeX info: "xparse/define-command"
. 
. Defining document command \setmathrm with arg. spec. 'O{}m' on line 68.
.................................................
.................................................
. LaTeX info: "xparse/define-command"
. 
. Defining document command \setboldmathrm with arg. spec. 'O{}m' on line 72.
.................................................
.................................................
. LaTeX info: "xparse/define-command"
. 
. Defining document command \setmathsf with arg. spec. 'O{}m' on line 76.
.................................................
.................................................
. LaTeX info: "xparse/define-command"
. 
. Defining document command \setmathtt with arg. spec. 'O{}m' on line 80.
.................................................
.................................................
. LaTeX info: "xparse/define-command"
. 
. Defining document command \newfontfamily with arg. spec. 'mO{}m' on line 99.
.................................................
.................................................
. LaTeX info: "xparse/define-command"
. 
. Defining document command \newfontface with arg. spec. 'mO{}m' on line 103.
.................................................
.................................................
. LaTeX info: "xparse/define-command"
. 
. Defining document command \defaultfontfeatures with arg. spec. 'om' on line
. 111.
.................................................
.................................................
. LaTeX info: "xparse/define-command"
. 
. Defining document command \addfontfeatures with arg. spec. 'm' on line 147.
.................................................
.................................................
. LaTeX info: "xparse/define-command"
. 
. Defining document command \newfontfeature with arg. spec. 'mm' on line 159.
.................................................
.................................................
. LaTeX info: "xparse/define-command"
. 
. Defining document command \newAATfeature with arg. spec. 'mmmm' on line 167.
.................................................
.................................................
. LaTeX info: "xparse/define-command"
. 
. Defining document command \newICUfeature with arg. spec. 'mmm' on line 175.
.................................................
.................................................
. LaTeX info: "xparse/define-command"
. 
. Defining document command \aliasfontfeature with arg. spec. 'mm' on line
. 204.
.................................................
.................................................
. LaTeX info: "xparse/define-command"
. 
. Defining document command \aliasfontfeatureoption with arg. spec. 'mmm' on
. line 206.
.................................................
.................................................
. LaTeX info: "xparse/define-command"
. 
. Defining document command \newfontscript with arg. spec. 'mm' on line 211.
.................................................
.................................................
. LaTeX info: "xparse/define-command"
. 
. Defining document command \newfontlanguage with arg. spec. 'mm' on line 238.
.................................................
.................................................
. LaTeX info: "xparse/define-command"
. 
. Defining document command \DeclareFontsExtensions with arg. spec. 'm' on
. line 259.
.................................................
Variant \prop_gput:cnV already defined; not changing it on line 586
Variant \prop_gput:cnx already defined; not changing it on line 587
\l_fontspec_tmp_int=\count316
LaTeX Info: Redefining \itshape on input line 2008.
LaTeX Info: Redefining \slshape on input line 2013.
LaTeX Info: Redefining \scshape on input line 2018.
LaTeX Info: Redefining \upshape on input line 2023.

(/usr/local/texlive/2014/texmf-dist/tex/latex/fontspec/fontspec.cfg)))
\g__file_internal_ior=\read1
luaotfload | load : auto-selecting default features for script: dflt(load luc: /
Users/ntindall/Library/texlive/2014/texmf-var/luatex-cache/generic/fonts/otf/hel
vetica-4.luc)
luaotfload | load : auto-selecting default features for script: dflt
luaotfload: font no 21 (Helvetica-Light) defines no feature for script latn
luaotfload: no font with id 21
.................................................
. fontspec info: "no-scripts"
. 
. Font HelveticaLight does not contain any OpenType `Script' information.
.................................................

*************************************************
* fontspec warning: "no-mapping-ligtex"
* 
* Input mapping not (yet?) supported in LuaTeX.
* Use "Ligatures=TeX" instead of "Mapping=tex-text".
*************************************************
\g_fontspec_family_Helvetica Light_int=\count317
luaotfload | load : auto-selecting default features for script: dflt
luaotfload: font no 21 (Helvetica-Light) does not define feature smcp for script
  with language 
luaotfload: no font with id 21
luaotfload | load : auto-selecting default features for script: dflt
luaotfload | load : auto-selecting default features for script: dflt
.................................................
. fontspec info: "no-font-shape"
. 
. Could not resolve font HelveticaLight/B (it probably doesn't exist).
.................................................
luaotfload | load : auto-selecting default features for script: dflt
luaotfload | load : auto-selecting default features for script: dflt
.................................................
. fontspec info: "no-font-shape"
. 
. Could not resolve font HelveticaLight/I (it probably doesn't exist).
.................................................
luaotfload | load : auto-selecting default features for script: dflt
luaotfload | load : auto-selecting default features for script: dflt
.................................................
. fontspec info: "no-font-shape"
. 
. Could not resolve font HelveticaLight/BI (it probably doesn't exist).
.................................................
.................................................
. fontspec info: "defining-font"
. 
. Font family 'HelveticaLight(0)' created for font 'Helvetica Light' with
. options [Mapping=tex-text,Color=primary].
. 
. This font family consists of the following shapes:
. 
. * 'normal' with NFSS spec.:
. <->"HelveticaLight:mode=node;+tlig;+trep;color=2B2B2BFF ;"
.................................................
luaotfload | load : auto-selecting default features for script: dflt
luatexbase-mcb: inserting 'luaotfload.color_handler'
at position 2 in 'pre_linebreak_filter'
luaotfload | load : auto-selecting default features for script: dflt(load luc: /
Users/ntindall/Library/texlive/2014/texmf-var/luatex-cache/generic/fonts/otf/hel
veticaneue-2.luc)
luaotfload | load : auto-selecting default features for script: dflt
luaotfload: font no 23 (HelveticaNeue-UltraLight) defines feature kern for scrip
t latn
luaotfload: font no 23 (HelveticaNeue-UltraLight) defines feature kern for scrip
t latn
*************************************************
* fontspec warning: "no-mapping-ligtex"
* 
* Input mapping not (yet?) supported in LuaTeX.
* Use "Ligatures=TeX" instead of "Mapping=tex-text".
*************************************************
.................................................
. fontspec info: "set-scale"
. 
. HelveticaNeueUltraLight scale = 1.019456442683053.
.................................................
\g_fontspec_family_Helvetica Neue UltraLight_int=\count318
luaotfload | load : auto-selecting default features for script: dflt
.................................................
. fontspec info: "set-scale"
. 
. HelveticaNeueUltraLight scale = 1.019456442683053.
.................................................
luaotfload: font no 23 (HelveticaNeue-UltraLight) does not define feature smcp f
or script latn with language dflt
luaotfload: no font with id 23
luaotfload | load : auto-selecting default features for script: dflt
luaotfload | load : auto-selecting default features for script: dflt
.................................................
. fontspec info: "no-font-shape"
. 
. Could not resolve font HelveticaNeueUltraLight/B (it probably doesn't
. exist).
.................................................
luaotfload | load : auto-selecting default features for script: dflt
luaotfload | load : auto-selecting default features for script: dflt
.................................................
. fontspec info: "no-font-shape"
. 
. Could not resolve font HelveticaNeueUltraLight/I (it probably doesn't
. exist).
.................................................
luaotfload | load : auto-selecting default features for script: dflt
luaotfload | load : auto-selecting default features for script: dflt
.................................................
. fontspec info: "no-font-shape"
. 
. Could not resolve font HelveticaNeueUltraLight/BI (it probably doesn't
. exist).
.................................................
.................................................
. fontspec info: "defining-font"
. 
. Font family 'HelveticaNeueUltraLight(0)' created for font 'Helvetica Neue
. UltraLight' with options
. [Mapping=tex-text,Scale=MatchLowercase,Mapping=tex-text].
. 
. This font family consists of the following shapes:
. 
. * 'normal' with NFSS spec.:
. 
. <->s*[1.019456442683053]"HelveticaNeueUltraLight:mode=node;script=latn;languag
e=DFLT;+tlig;+trep;+tlig;+trep;"
.................................................
(/usr/local/texlive/2014/texmf-dist/tex/latex/textpos/textpos.sty
Package: textpos 2014/01/03 v1.7j

Package: textpos 2014/01/03 1.7j, absolute positioning of text on the page
(/usr/local/texlive/2014/texmf-dist/tex/latex/ms/everyshi.sty
Package: everyshi 2001/05/15 v3.00 EveryShipout Package (MS)
)
\TP@textbox=\box271
\TP@holdbox=\box272
\TPHorizModule=\dimen292
\TPVertModule=\dimen293
\TP@margin=\dimen294
\TP@absmargin=\dimen295

Grid set 16 x 16 = 38.39343pt x 49.68562pt
\TPboxrulesize=\dimen296
\TP@ox=\dimen297
\TP@oy=\dimen298
\TP@tbargs=\toks18
\TP@prevdepth=\dimen299
TextBlockOrigin set to 0pt x 0pt
) (/usr/local/texlive/2014/texmf-dist/tex/latex/isodate/isodate.sty
Package: isodate 2010/01/03 v2.30 Print dates with different formats (HH)

(/usr/local/texlive/2014/texmf-dist/tex/latex/base/ifthen.sty
Package: ifthen 2001/05/26 v1.1c Standard LaTeX ifthen package (DPC)
)
(/usr/local/texlive/2014/texmf-dist/tex/latex/substr/substr.sty
Package: substr 2009/10/20 v1.2 Handle substrings
\c@su@anzahl=\count319
)
(/usr/local/texlive/2014/texmf-dist/tex/latex/isodate/english.idf
File: english.idf 2010/01/03 v2.30 Language definitions for isodate package (HH)


Define commands for English date format
)
\c@iso@tmpmonth=\count320
\c@iso@yeartwo=\count321
\c@iso@slash=\count322
\c@iso@minus=\count323
\c@iso@dot=\count324
\c@iso@@slash=\count325
\c@iso@@minus=\count326
\c@iso@@dot=\count327
) (/usr/local/texlive/2014/texmf-dist/tex/latex/titlesec/titlesec.sty
Package: titlesec 2011/12/15 v2.10.0 Sectioning titles
\ttl@box=\box273
\beforetitleunit=\skip262
\aftertitleunit=\skip263
\ttl@plus=\dimen300
\ttl@minus=\dimen301
\ttl@toksa=\toks19
\titlewidth=\dimen302
\titlewidthlast=\dimen303
\titlewidthfirst=\dimen304
))
(/usr/local/texlive/2014/texmf-dist/tex/latex/geometry/geometry.sty
Package: geometry 2010/09/12 v5.6 Page Geometry
\Gm@cnth=\count328
\Gm@cntv=\count329
\c@Gm@tempcnt=\count330
\Gm@bindingoffset=\dimen305
\Gm@wd@mp=\dimen306
\Gm@odd@mp=\dimen307
\Gm@even@mp=\dimen308
\Gm@layoutwidth=\dimen309
\Gm@layoutheight=\dimen310
\Gm@layouthoffset=\dimen311
\Gm@layoutvoffset=\dimen312
\Gm@dimlist=\toks20
)
(./resume_tindall_nathan.aux)
LaTeX Font Info:    Checking defaults for OML/cmm/m/it on input line 27.
LaTeX Font Info:    ... okay on input line 27.
LaTeX Font Info:    Checking defaults for T1/cmr/m/n on input line 27.
LaTeX Font Info:    ... okay on input line 27.
LaTeX Font Info:    Checking defaults for OT1/cmr/m/n on input line 27.
LaTeX Font Info:    ... okay on input line 27.
LaTeX Font Info:    Checking defaults for OMS/cmsy/m/n on input line 27.
LaTeX Font Info:    ... okay on input line 27.
LaTeX Font Info:    Checking defaults for OMX/cmex/m/n on input line 27.
LaTeX Font Info:    ... okay on input line 27.
LaTeX Font Info:    Checking defaults for U/cmr/m/n on input line 27.
LaTeX Font Info:    ... okay on input line 27.
LaTeX Font Info:    Checking defaults for PD1/pdf/m/n on input line 27.
LaTeX Font Info:    ... okay on input line 27.
LaTeX Font Info:    Checking defaults for EU2/lmr/m/n on input line 27.
LaTeX Font Info:    ... okay on input line 27.
LaTeX Font Info:    Checking defaults for T3/cmr/m/n on input line 27.
LaTeX Font Info:    Try loading font information for T3+cmr on input line 27.

(/usr/local/texlive/2014/texmf-dist/tex/latex/tipa/t3cmr.fd
File: t3cmr.fd 2001/12/31 TIPA font definitions
)
LaTeX Font Info:    ... okay on input line 27.
\AtBeginShipoutBox=\box274
Package hyperref Info: Link coloring OFF on input line 27.

(/usr/local/texlive/2014/texmf-dist/tex/latex/hyperref/nameref.sty
Package: nameref 2012/10/27 v2.43 Cross-referencing by name of section

(/usr/local/texlive/2014/texmf-dist/tex/generic/oberdiek/gettitlestring.sty
Package: gettitlestring 2010/12/03 v1.4 Cleanup title references (HO)
)
\c@section@level=\count331
)
LaTeX Info: Redefining \ref on input line 27.
LaTeX Info: Redefining \pageref on input line 27.
LaTeX Info: Redefining \nameref on input line 27.

(./resume_tindall_nathan.out) (./resume_tindall_nathan.out)
\@outlinefile=\write3

(/usr/local/texlive/2014/texmf-dist/tex/context/base/supp-pdf.mkii
[Loading MPS to PDF converter (version 2006.09.02).]
\scratchcounter=\count332
\scratchdimen=\dimen313
\scratchbox=\box275
\nofMPsegments=\count333
\nofMParguments=\count334
\everyMPshowfont=\toks21
\MPscratchCnt=\count335
\MPscratchDim=\dimen314
\MPnumerator=\count336
\makeMPintoPDFobject=\count337
\everyMPtoPDFconversion=\toks22
) (/usr/local/texlive/2014/texmf-dist/tex/latex/oberdiek/epstopdf-base.sty
Package: epstopdf-base 2010/02/09 v2.5 Base part for package epstopdf

(/usr/local/texlive/2014/texmf-dist/tex/latex/oberdiek/grfext.sty
Package: grfext 2010/08/19 v1.1 Manage graphics extensions (HO)
)
Package grfext Info: Graphics extension search list:
(grfext)             [.png,.pdf,.jpg,.mps,.jpeg,.jbig2,.jb2,.PNG,.PDF,.JPG,.JPEG
,.JBIG2,.JB2,.eps]
(grfext)             \AppendGraphicsExtensions on input line 452.

(/usr/local/texlive/2014/texmf-dist/tex/latex/latexconfig/epstopdf-sys.cfg
File: epstopdf-sys.cfg 2010/07/13 v1.3 Configuration of (r)epstopdf for TeX Live

))
.................................................
. fontspec info: "setup-math"
. 
. Adjusting the maths setup (use [no-math] to avoid this).
.................................................
\symlegacymaths=\mathgroup4
LaTeX Font Info:    Overwriting symbol font `legacymaths' in version `bold'
(Font)                  OT1/cmr/m/n --> OT1/cmr/bx/n on input line 27.
LaTeX Font Info:    Redeclaring math accent \acute on input line 27.
LaTeX Font Info:    Redeclaring math accent \grave on input line 27.
LaTeX Font Info:    Redeclaring math accent \ddot on input line 27.
LaTeX Font Info:    Redeclaring math accent \tilde on input line 27.
LaTeX Font Info:    Redeclaring math accent \bar on input line 27.
LaTeX Font Info:    Redeclaring math accent \breve on input line 27.
LaTeX Font Info:    Redeclaring math accent \check on input line 27.
LaTeX Font Info:    Redeclaring math accent \hat on input line 27.
LaTeX Font Info:    Redeclaring math accent \dot on input line 27.
LaTeX Font Info:    Redeclaring math accent \mathring on input line 27.
LaTeX Font Info:    Redeclaring math symbol \colon on input line 27.
LaTeX Font Info:    Redeclaring math symbol \Gamma on input line 27.
LaTeX Font Info:    Redeclaring math symbol \Delta on input line 27.
LaTeX Font Info:    Redeclaring math symbol \Theta on input line 27.
LaTeX Font Info:    Redeclaring math symbol \Lambda on input line 27.
LaTeX Font Info:    Redeclaring math symbol \Xi on input line 27.
LaTeX Font Info:    Redeclaring math symbol \Pi on input line 27.
LaTeX Font Info:    Redeclaring math symbol \Sigma on input line 27.
LaTeX Font Info:    Redeclaring math symbol \Upsilon on input line 27.
LaTeX Font Info:    Redeclaring math symbol \Phi on input line 27.
LaTeX Font Info:    Redeclaring math symbol \Psi on input line 27.
LaTeX Font Info:    Redeclaring math symbol \Omega on input line 27.
LaTeX Font Info:    Redeclaring math symbol \mathdollar on input line 27.
LaTeX Font Info:    Redeclaring symbol font `operators' on input line 27.
LaTeX Font Info:    Encoding `OT1' has changed to `EU2' for symbol font
(Font)              `operators' in the math version `normal' on input line 27.
LaTeX Font Info:    Overwriting symbol font `operators' in version `normal'
(Font)                  OT1/cmr/m/n --> EU2/HelveticaLight(0)/m/n on input line 
27.
LaTeX Font Info:    Encoding `OT1' has changed to `EU2' for symbol font
(Font)              `operators' in the math version `bold' on input line 27.
LaTeX Font Info:    Overwriting symbol font `operators' in version `bold'
(Font)                  OT1/cmr/bx/n --> EU2/HelveticaLight(0)/m/n on input line
 27.
LaTeX Font Info:    Overwriting symbol font `operators' in version `normal'
(Font)                  EU2/HelveticaLight(0)/m/n --> EU2/HelveticaLight(0)/m/n 
on input line 27.
LaTeX Font Info:    Overwriting math alphabet `\mathrm' in version `normal'
(Font)                  EU2/HelveticaLight(0)/m/n --> EU2/HelveticaLight(0)/m/n 
on input line 27.
LaTeX Font Info:    Overwriting math alphabet `\mathit' in version `normal'
(Font)                  OT1/cmr/m/it --> EU2/HelveticaLight(0)/m/it on input lin
e 27.
LaTeX Font Info:    Overwriting math alphabet `\mathbf' in version `normal'
(Font)                  OT1/cmr/bx/n --> EU2/HelveticaLight(0)/bx/n on input lin
e 27.
LaTeX Font Info:    Overwriting math alphabet `\mathsf' in version `normal'
(Font)                  OT1/cmss/m/n --> EU2/HelveticaNeueUltraLight(0)/m/n on i
nput line 27.
LaTeX Font Info:    Overwriting math alphabet `\mathtt' in version `normal'
(Font)                  OT1/cmtt/m/n --> EU2/lmtt/m/n on input line 27.
LaTeX Font Info:    Overwriting symbol font `operators' in version `bold'
(Font)                  EU2/HelveticaLight(0)/m/n --> EU2/HelveticaLight(0)/bx/n
 on input line 27.
LaTeX Font Info:    Overwriting math alphabet `\mathrm' in version `bold'
(Font)                  EU2/HelveticaLight(0)/m/n --> EU2/HelveticaLight(0)/bx/n
 on input line 27.
LaTeX Font Info:    Overwriting math alphabet `\mathit' in version `bold'
(Font)                  OT1/cmr/bx/it --> EU2/HelveticaLight(0)/bx/it on input l
ine 27.
LaTeX Font Info:    Overwriting math alphabet `\mathsf' in version `bold'
(Font)                  OT1/cmss/bx/n --> EU2/HelveticaNeueUltraLight(0)/bx/n on
 input line 27.
LaTeX Font Info:    Overwriting math alphabet `\mathtt' in version `bold'
(Font)                  OT1/cmtt/m/n --> EU2/lmtt/bx/n on input line 27.

ABD: EveryShipout initializing macros
isodate: babel.sty, (n)german.sty have not been loaded
*geometry* driver: auto-detecting
*geometry* detected driver: pdftex
*geometry* verbose mode - [ preamble ] result:
* driver: pdftex
* paper: letterpaper
* layout: <same size as paper>
* layoutoffset:(h,v)=(0.0pt,0.0pt)
* modes: 
* h-part:(L,W,R)=(35.56593pt, 543.16313pt, 35.56593pt)
* v-part:(T,H,B)=(34.14322pt, 726.68355pt, 34.14322pt)
* \paperwidth=614.295pt
* \paperheight=794.96999pt
* \textwidth=543.16313pt
* \textheight=726.68355pt
* \oddsidemargin=-36.70406pt
* \evensidemargin=-36.70406pt
* \topmargin=-75.12677pt
* \headheight=12.0pt
* \headsep=25.0pt
* \topskip=10.0pt
* \footskip=30.0pt
* \marginparwidth=65.0pt
* \marginparsep=11.0pt
* \columnsep=10.0pt
* \skip\footins=9.0pt plus 4.0pt minus 2.0pt
* \hoffset=0.0pt
* \voffset=0.0pt
* \mag=1000
* \@twocolumnfalse
* \@twosidefalse
* \@mparswitchfalse
* \@reversemarginfalse
* (1in=72.27pt=25.4mm, 1cm=28.453pt)

luaotfload | load : auto-selecting default features for script: dflt
luaotfload | load : path lookup of "fonts/lato/Lato-Hai" unsuccessful, falling b
ack to file:(load luc: /Users/ntindall/Library/texlive/2014/texmf-var/luatex-cac
he/generic/fonts/otf/lato-hai.luc)
luaotfload | load : auto-selecting default features for script: dflt
luaotfload | load : path lookup of "fonts/lato/Lato-Hai" unsuccessful, falling b
ack to file:
luaotfload: font no 24 (Lato-Hairline) defines feature kern for script latn
luaotfload: font no 24 (Lato-Hairline) defines feature kern for script latn
*************************************************
* fontspec warning: "no-mapping-ligtex"
* 
* Input mapping not (yet?) supported in LuaTeX.
* Use "Ligatures=TeX" instead of "Mapping=tex-text".
*************************************************
\g_fontspec_family_Lato-Hai_int=\count338
luaotfload | load : auto-selecting default features for script: dflt
luaotfload | load : path lookup of "fonts/lato/Lato-Hai" unsuccessful, falling b
ack to file:
luaotfload: font no 24 (Lato-Hairline) does not define feature smcp for script l
atn with language dflt
luaotfload: no font with id 24
.................................................
. fontspec info: "defining-font"
. 
. Font family 'Lato-Hai(0)' created for font 'Lato-Hai' with options
. [Mapping=tex-text,Path = fonts/lato/].
. 
. This font family consists of the following shapes:
. 
. * 'normal' with NFSS spec.:
. <->"[fonts/lato/Lato-Hai]:mode=node;script=latn;language=DFLT;+tlig;+trep;"
.................................................
luaotfload | load : auto-selecting default features for script: latn
luaotfload | load : no defaults for script "latn", falling back to "dflt"
luaotfload | load : path lookup of "fonts/lato/Lato-Hai" unsuccessful, falling b
ack to file:
luaotfload | load : auto-selecting default features for script: dflt
luaotfload | load : path lookup of "fonts/lato/Lato-Lig" unsuccessful, falling b
ack to file:(load luc: /Users/ntindall/Library/texlive/2014/texmf-var/luatex-cac
he/generic/fonts/otf/lato-lig.luc)
luaotfload | load : auto-selecting default features for script: dflt
luaotfload | load : path lookup of "fonts/lato/Lato-Lig" unsuccessful, falling b
ack to file:
luaotfload: font no 26 (Lato-Light) defines feature kern for script latn
luaotfload: font no 26 (Lato-Light) defines feature kern for script latn
*************************************************
* fontspec warning: "no-mapping-ligtex"
* 
* Input mapping not (yet?) supported in LuaTeX.
* Use "Ligatures=TeX" instead of "Mapping=tex-text".
*************************************************
\g_fontspec_family_Lato-Lig_int=\count339
luaotfload | load : auto-selecting default features for script: dflt
luaotfload | load : path lookup of "fonts/lato/Lato-Lig" unsuccessful, falling b
ack to file:
luaotfload: font no 26 (Lato-Light) does not define feature smcp for script latn
 with language dflt
luaotfload: no font with id 26
.................................................
. fontspec info: "defining-font"
. 
. Font family 'Lato-Lig(0)' created for font 'Lato-Lig' with options
. [Mapping=tex-text,Path = fonts/lato/].
. 
. This font family consists of the following shapes:
. 
. * 'normal' with NFSS spec.:
. <->"[fonts/lato/Lato-Lig]:mode=node;script=latn;language=DFLT;+tlig;+trep;"
.................................................
luaotfload | load : auto-selecting default features for script: latn
luaotfload | load : no defaults for script "latn", falling back to "dflt"
luaotfload | load : path lookup of "fonts/lato/Lato-Lig" unsuccessful, falling b
ack to file:
luaotfload | load : auto-selecting default features for script: dflt
luaotfload | load : path lookup of "fonts/raleway/Raleway-Medium" unsuccessful, 
falling back to file:(load luc: /Users/ntindall/Library/texlive/2014/texmf-var/l
uatex-cache/generic/fonts/otf/raleway-medium.luc)
luaotfload | load : auto-selecting default features for script: dflt
luaotfload | load : path lookup of "fonts/raleway/Raleway-Medium" unsuccessful, 
falling back to file:
luaotfload: font no 28 (Raleway-Medium) defines feature kern for script latn
luaotfload: font no 28 (Raleway-Medium) defines feature kern for script latn
*************************************************
* fontspec warning: "no-mapping-ligtex"
* 
* Input mapping not (yet?) supported in LuaTeX.
* Use "Ligatures=TeX" instead of "Mapping=tex-text".
*************************************************
\g_fontspec_family_Raleway-Medium_int=\count340
luaotfload | load : auto-selecting default features for script: dflt
luaotfload | load : path lookup of "fonts/raleway/Raleway-Medium" unsuccessful, 
falling back to file:
luaotfload: font no 28 (Raleway-Medium) defines feature smcp for script latn wit
h language dflt
luaotfload: font no 28 (Raleway-Medium) defines feature smcp for script latn wit
h language dflt
.................................................
. fontspec info: "defining-font"
. 
. Font family 'Raleway-Medium(0)' created for font 'Raleway-Medium' with
. options [Mapping=tex-text,Path = fonts/raleway/].
. 
. This font family consists of the following shapes:
. 
. * 'normal' with NFSS spec.:
. 
. <->"[fonts/raleway/Raleway-Medium]:mode=node;script=latn;language=DFLT;+tlig;+
trep;"
. 
. * 'small caps' with NFSS spec.:
. 
. <->"[fonts/raleway/Raleway-Medium]:mode=node;script=latn;language=DFLT;+tlig;+
trep;+smcp;"
.................................................
luaotfload | load : auto-selecting default features for script: latn
luaotfload | load : no defaults for script "latn", falling back to "dflt"
luaotfload | load : path lookup of "fonts/raleway/Raleway-Medium" unsuccessful, 
falling back to file:
luaotfload | load : auto-selecting default features for script: latn
luaotfload | load : no defaults for script "latn", falling back to "dflt"
luaotfload | load : path lookup of "fonts/raleway/Raleway-Medium" unsuccessful, 
falling back to file:

LaTeX Font Warning: Font shape `EU2/HelveticaLight(0)/m/sc' undefined
(Font)              using `EU2/HelveticaLight(0)/m/n' instead on input line 50.

luaotfload | load : auto-selecting default features for script: dflt
luaotfload | load : path lookup of "fonts/lato/Lato-Lig" unsuccessful, falling b
ack to file:
luaotfload | load : auto-selecting default features for script: dflt
luaotfload | load : path lookup of "fonts/lato/Lato-Lig" unsuccessful, falling b
ack to file:
luaotfload: font no 31 (Lato-Light) defines feature kern for script latn
luaotfload: font no 31 (Lato-Light) defines feature kern for script latn
*************************************************
* fontspec warning: "no-mapping-ligtex"
* 
* Input mapping not (yet?) supported in LuaTeX.
* Use "Ligatures=TeX" instead of "Mapping=tex-text".
*************************************************
.................................................
. fontspec info: "defining-font"
. 
. Font family 'Lato-Lig(0)' created for font 'Lato-Lig' with options
. [Mapping=tex-text,Path = fonts/lato/].
. 
. This font family consists of the following shapes:
.................................................

LaTeX Font Warning: Font shape `EU2/Lato-Lig(0)/m/sc' undefined
(Font)              using `EU2/Lato-Lig(0)/m/n' instead on input line 50.

luaotfload | load : auto-selecting default features for script: latn
luaotfload | load : no defaults for script "latn", falling back to "dflt"
luaotfload | load : path lookup of "fonts/lato/Lato-Lig" unsuccessful, falling b
ack to file:
luaotfload | load : auto-selecting default features for script: latn
luaotfload | load : no defaults for script "latn", falling back to "dflt"
luaotfload | load : path lookup of "fonts/lato/Lato-Lig" unsuccessful, falling b
ack to file:
luaotfload | load : auto-selecting default features for script: dflt
luaotfload | load : path lookup of "fonts/lato/Lato-Bol" unsuccessful, falling b
ack to file:(load luc: /Users/ntindall/Library/texlive/2014/texmf-var/luatex-cac
he/generic/fonts/otf/lato-bol.luc)
luaotfload | load : auto-selecting default features for script: dflt
luaotfload | load : path lookup of "fonts/lato/Lato-Bol" unsuccessful, falling b
ack to file:
luaotfload: font no 34 (Lato-Bold) defines feature kern for script latn
luaotfload: font no 34 (Lato-Bold) defines feature kern for script latn
*************************************************
* fontspec warning: "no-mapping-ligtex"
* 
* Input mapping not (yet?) supported in LuaTeX.
* Use "Ligatures=TeX" instead of "Mapping=tex-text".
*************************************************
\g_fontspec_family_Lato-Bol_int=\count341
luaotfload | load : auto-selecting default features for script: dflt
luaotfload | load : path lookup of "fonts/lato/Lato-Bol" unsuccessful, falling b
ack to file:
luaotfload: font no 34 (Lato-Bold) does not define feature smcp for script latn 
with language dflt
luaotfload: no font with id 34
.................................................
. fontspec info: "defining-font"
. 
. Font family 'Lato-Bol(0)' created for font 'Lato-Bol' with options
. [Mapping=tex-text,Path = fonts/lato/].
. 
. This font family consists of the following shapes:
. 
. * 'normal' with NFSS spec.:
. <->"[fonts/lato/Lato-Bol]:mode=node;script=latn;language=DFLT;+tlig;+trep;"
.................................................
luaotfload | load : auto-selecting default features for script: latn
luaotfload | load : no defaults for script "latn", falling back to "dflt"
luaotfload | load : path lookup of "fonts/lato/Lato-Bol" unsuccessful, falling b
ack to file:
luaotfload | load : auto-selecting default features for script: latn
luaotfload | load : no defaults for script "latn", falling back to "dflt"
luaotfload | load : path lookup of "fonts/lato/Lato-Bol" unsuccessful, falling b
ack to file:

LaTeX Font Warning: Font shape `EU2/Lato-Bol(0)/bx/n' undefined
(Font)              using `EU2/Lato-Bol(0)/m/n' instead on input line 52.

luaotfload | load : auto-selecting default features for script: dflt
luaotfload | load : auto-selecting default features for script: dflt
luaotfload | load : path lookup of "fonts/raleway/Raleway-Medium" unsuccessful, 
falling back to file:
luaotfload | load : auto-selecting default features for script: dflt
luaotfload | load : path lookup of "fonts/raleway/Raleway-Medium" unsuccessful, 
falling back to file:
luaotfload: font no 28 (Raleway-Medium) defines feature kern for script latn
luaotfload: font no 28 (Raleway-Medium) defines feature kern for script latn
*************************************************
* fontspec warning: "no-mapping-ligtex"
* 
* Input mapping not (yet?) supported in LuaTeX.
* Use "Ligatures=TeX" instead of "Mapping=tex-text".
*************************************************
.................................................
. fontspec info: "defining-font"
. 
. Font family 'Raleway-Medium(0)' created for font 'Raleway-Medium' with
. options [Mapping=tex-text,Path = fonts/raleway/].
. 
. This font family consists of the following shapes:
.................................................
luaotfload | load : auto-selecting default features for script: latn
luaotfload | load : no defaults for script "latn", falling back to "dflt"
luaotfload | load : path lookup of "fonts/raleway/Raleway-Medium" unsuccessful, 
falling back to file:
luaotfload | load : auto-selecting default features for script: latn
luaotfload | load : no defaults for script "latn", falling back to "dflt"
luaotfload | load : path lookup of "fonts/raleway/Raleway-Medium" unsuccessful, 
falling back to file:
luaotfload | load : auto-selecting default features for script: dflt
luaotfload | load : auto-selecting default features for script: dflt
luaotfload | load : auto-selecting default features for script: dflt
luaotfload | load : path lookup of "fonts/raleway/Raleway-Medium" unsuccessful, 
falling back to file:
luaotfload | load : auto-selecting default features for script: dflt
luaotfload | load : path lookup of "fonts/raleway/Raleway-Medium" unsuccessful, 
falling back to file:
luaotfload: font no 40 (Raleway-Medium) defines feature kern for script latn
luaotfload: font no 40 (Raleway-Medium) defines feature kern for script latn
*************************************************
* fontspec warning: "no-mapping-ligtex"
* 
* Input mapping not (yet?) supported in LuaTeX.
* Use "Ligatures=TeX" instead of "Mapping=tex-text".
*************************************************
.................................................
. fontspec info: "defining-font"
. 
. Font family 'Raleway-Medium(0)' created for font 'Raleway-Medium' with
. options [Mapping=tex-text,Path = fonts/raleway/].
. 
. This font family consists of the following shapes:
.................................................
luaotfload | load : auto-selecting default features for script: dflt
luaotfload | load : path lookup of "fonts/raleway/Raleway-Medium" unsuccessful, 
falling back to file:
luaotfload | load : auto-selecting default features for script: dflt
luaotfload | load : path lookup of "fonts/raleway/Raleway-Medium" unsuccessful, 
falling back to file:
luaotfload: font no 40 (Raleway-Medium) defines feature kern for script latn
luaotfload: font no 40 (Raleway-Medium) defines feature kern for script latn
*************************************************
* fontspec warning: "no-mapping-ligtex"
* 
* Input mapping not (yet?) supported in LuaTeX.
* Use "Ligatures=TeX" instead of "Mapping=tex-text".
*************************************************
.................................................
. fontspec info: "defining-font"
. 
. Font family 'Raleway-Medium(0)' created for font 'Raleway-Medium' with
. options [Mapping=tex-text,Path = fonts/raleway/].
. 
. This font family consists of the following shapes:
.................................................

LaTeX Font Warning: Font shape `EU2/HelveticaLight(0)/bx/n' undefined
(Font)              using `EU2/HelveticaLight(0)/m/n' instead on input line 57.

luaotfload | load : auto-selecting default features for script: dflt
luaotfload | load : path lookup of "fonts/lato/Lato-Lig" unsuccessful, falling b
ack to file:
luaotfload | load : auto-selecting default features for script: dflt
luaotfload | load : path lookup of "fonts/lato/Lato-Lig" unsuccessful, falling b
ack to file:
luaotfload: font no 31 (Lato-Light) defines feature kern for script latn
luaotfload: font no 31 (Lato-Light) defines feature kern for script latn
*************************************************
* fontspec warning: "no-mapping-ligtex"
* 
* Input mapping not (yet?) supported in LuaTeX.
* Use "Ligatures=TeX" instead of "Mapping=tex-text".
*************************************************
.................................................
. fontspec info: "defining-font"
. 
. Font family 'Lato-Lig(0)' created for font 'Lato-Lig' with options
. [Mapping=tex-text,Path = fonts/lato/].
. 
. This font family consists of the following shapes:
.................................................
luaotfload | load : auto-selecting default features for script: latn
luaotfload | load : no defaults for script "latn", falling back to "dflt"
luaotfload | load : path lookup of "fonts/lato/Lato-Lig" unsuccessful, falling b
ack to file:
luaotfload | load : auto-selecting default features for script: dflt
luaotfload | load : path lookup of "fonts/raleway/Raleway-Medium" unsuccessful, 
falling back to file:
luaotfload | load : auto-selecting default features for script: dflt
luaotfload | load : path lookup of "fonts/raleway/Raleway-Medium" unsuccessful, 
falling back to file:
luaotfload: font no 28 (Raleway-Medium) defines feature kern for script latn
luaotfload: font no 28 (Raleway-Medium) defines feature kern for script latn
*************************************************
* fontspec warning: "no-mapping-ligtex"
* 
* Input mapping not (yet?) supported in LuaTeX.
* Use "Ligatures=TeX" instead of "Mapping=tex-text".
*************************************************
.................................................
. fontspec info: "defining-font"
. 
. Font family 'Raleway-Medium(0)' created for font 'Raleway-Medium' with
. options [Mapping=tex-text,Path = fonts/raleway/].
. 
. This font family consists of the following shapes:
.................................................
luaotfload | load : auto-selecting default features for script: dflt
luaotfload | load : path lookup of "fonts/raleway/Raleway-Medium" unsuccessful, 
falling back to file:
luaotfload | load : auto-selecting default features for script: dflt
luaotfload | load : path lookup of "fonts/raleway/Raleway-Medium" unsuccessful, 
falling back to file:
luaotfload: font no 40 (Raleway-Medium) defines feature kern for script latn
luaotfload: font no 40 (Raleway-Medium) defines feature kern for script latn
*************************************************
* fontspec warning: "no-mapping-ligtex"
* 
* Input mapping not (yet?) supported in LuaTeX.
* Use "Ligatures=TeX" instead of "Mapping=tex-text".
*************************************************
.................................................
. fontspec info: "defining-font"
. 
. Font family 'Raleway-Medium(0)' created for font 'Raleway-Medium' with
. options [Mapping=tex-text,Path = fonts/raleway/].
. 
. This font family consists of the following shapes:
.................................................
luaotfload | load : auto-selecting default features for script: dflt
luaotfload | load : path lookup of "fonts/lato/Lato-Lig" unsuccessful, falling b
ack to file:
luaotfload | load : auto-selecting default features for script: dflt
luaotfload | load : path lookup of "fonts/lato/Lato-Lig" unsuccessful, falling b
ack to file:
luaotfload: font no 41 (Lato-Light) defines feature kern for script latn
luaotfload: font no 41 (Lato-Light) defines feature kern for script latn
*************************************************
* fontspec warning: "no-mapping-ligtex"
* 
* Input mapping not (yet?) supported in LuaTeX.
* Use "Ligatures=TeX" instead of "Mapping=tex-text".
*************************************************
.................................................
. fontspec info: "defining-font"
. 
. Font family 'Lato-Lig(0)' created for font 'Lato-Lig' with options
. [Mapping=tex-text,Path = fonts/lato/].
. 
. This font family consists of the following shapes:
.................................................
luaotfload | load : auto-selecting default features for script: latn
luaotfload | load : no defaults for script "latn", falling back to "dflt"
luaotfload | load : path lookup of "fonts/lato/Lato-Lig" unsuccessful, falling b
ack to file:
luaotfload | load : auto-selecting default features for script: dflt
luaotfload | load : path lookup of "fonts/lato/Lato-Bol" unsuccessful, falling b
ack to file:
luaotfload | load : auto-selecting default features for script: dflt
luaotfload | load : path lookup of "fonts/lato/Lato-Bol" unsuccessful, falling b
ack to file:
luaotfload: font no 43 (Lato-Bold) defines feature kern for script latn
luaotfload: font no 43 (Lato-Bold) defines feature kern for script latn
*************************************************
* fontspec warning: "no-mapping-ligtex"
* 
* Input mapping not (yet?) supported in LuaTeX.
* Use "Ligatures=TeX" instead of "Mapping=tex-text".
*************************************************
.................................................
. fontspec info: "defining-font"
. 
. Font family 'Lato-Bol(0)' created for font 'Lato-Bol' with options
. [Mapping=tex-text,Path = fonts/lato/].
. 
. This font family consists of the following shapes:
.................................................
luaotfload | load : auto-selecting default features for script: latn
luaotfload | load : no defaults for script "latn", falling back to "dflt"
luaotfload | load : path lookup of "fonts/lato/Lato-Bol" unsuccessful, falling b
ack to file:
luaotfload | load : auto-selecting default features for script: latn
luaotfload | load : no defaults for script "latn", falling back to "dflt"
luaotfload | load : path lookup of "fonts/lato/Lato-Bol" unsuccessful, falling b
ack to file:
LaTeX Font Info:    Calculating math sizes for size <11> on input line 120.
luaotfload | load : auto-selecting default features for script: dflt
luaotfload | load : auto-selecting default features for script: dflt
luaotfload | load : auto-selecting default features for script: dflt
luaotfload | load : auto-selecting default features for script: dflt
luaotfload | load : auto-selecting default features for script: dflt
luaotfload | load : auto-selecting default features for script: dflt

LaTeX Font Warning: Font shape `OML/cmm/m/it' in size <5.5> not available
(Font)              size <5> substituted on input line 120.

luaotfload | load : auto-selecting default features for script: dflt
luaotfload | load : auto-selecting default features for script: dflt
luaotfload | load : auto-selecting default features for script: dflt
luaotfload | load : auto-selecting default features for script: dflt
luaotfload | load : auto-selecting default features for script: dflt
luaotfload | load : auto-selecting default features for script: dflt

LaTeX Font Warning: Font shape `OMS/cmsy/m/n' in size <5.5> not available
(Font)              size <5> substituted on input line 120.

luaotfload | load : auto-selecting default features for script: dflt
luaotfload | load : auto-selecting default features for script: dflt
LaTeX Font Info:    External font `cmex10' loaded for size
(Font)              <11> on input line 120.
luaotfload | load : auto-selecting default features for script: dflt
LaTeX Font Info:    External font `cmex10' loaded for size
(Font)              <7.69997> on input line 120.
luaotfload | load : auto-selecting default features for script: dflt
LaTeX Font Info:    External font `cmex10' loaded for size
(Font)              <5.5> on input line 120.
luaotfload | load : auto-selecting default features for script: dflt
luaotfload | load : auto-selecting default features for script: dflt
luaotfload | load : auto-selecting default features for script: dflt
luaotfload | load : auto-selecting default features for script: dflt
luaotfload | load : auto-selecting default features for script: dflt

LaTeX Font Warning: Font shape `OT1/cmr/m/n' in size <5.5> not available
(Font)              size <5> substituted on input line 120.

luaotfload | load : auto-selecting default features for script: dflt
luaotfload | load : auto-selecting default features for script: dflt
luaotfload | load : auto-selecting default features for script: dflt
luaotfload | load : path lookup of "fonts/lato/Lato-Lig" unsuccessful, falling b
ack to file:
luaotfload | load : auto-selecting default features for script: dflt
luaotfload | load : path lookup of "fonts/lato/Lato-Lig" unsuccessful, falling b
ack to file:
luaotfload: font no 41 (Lato-Light) defines feature kern for script latn
luaotfload: font no 41 (Lato-Light) defines feature kern for script latn
*************************************************
* fontspec warning: "no-mapping-ligtex"
* 
* Input mapping not (yet?) supported in LuaTeX.
* Use "Ligatures=TeX" instead of "Mapping=tex-text".
*************************************************
.................................................
. fontspec info: "defining-font"
. 
. Font family 'Lato-Lig(0)' created for font 'Lato-Lig' with options
. [Mapping=tex-text,Path = fonts/lato/].
. 
. This font family consists of the following shapes:
.................................................
luaotfload | load : auto-selecting default features for script: dflt
luaotfload | load : path lookup of "fonts/lato/Lato-Lig" unsuccessful, falling b
ack to file:
luaotfload | load : auto-selecting default features for script: dflt
luaotfload | load : path lookup of "fonts/lato/Lato-Lig" unsuccessful, falling b
ack to file:
luaotfload: font no 31 (Lato-Light) defines feature kern for script latn
luaotfload: font no 31 (Lato-Light) defines feature kern for script latn
*************************************************
* fontspec warning: "no-mapping-ligtex"
* 
* Input mapping not (yet?) supported in LuaTeX.
* Use "Ligatures=TeX" instead of "Mapping=tex-text".
*************************************************
.................................................
. fontspec info: "defining-font"
. 
. Font family 'Lato-Lig(0)' created for font 'Lato-Lig' with options
. [Mapping=tex-text,Path = fonts/lato/].
. 
. This font family consists of the following shapes:
.................................................
luaotfload | load : auto-selecting default features for script: dflt
luaotfload | load : path lookup of "fonts/lato/Lato-Bol" unsuccessful, falling b
ack to file:
luaotfload | load : auto-selecting default features for script: dflt
luaotfload | load : path lookup of "fonts/lato/Lato-Bol" unsuccessful, falling b
ack to file:
luaotfload: font no 34 (Lato-Bold) defines feature kern for script latn
luaotfload: font no 34 (Lato-Bold) defines feature kern for script latn
*************************************************
* fontspec warning: "no-mapping-ligtex"
* 
* Input mapping not (yet?) supported in LuaTeX.
* Use "Ligatures=TeX" instead of "Mapping=tex-text".
*************************************************
.................................................
. fontspec info: "defining-font"
. 
. Font family 'Lato-Bol(0)' created for font 'Lato-Bol' with options
. [Mapping=tex-text,Path = fonts/lato/].
. 
. This font family consists of the following shapes:
.................................................
luaotfload | load : auto-selecting default features for script: dflt
luaotfload | load : auto-selecting default features for script: dflt
luaotfload | load : auto-selecting default features for script: dflt
luaotfload | load : path lookup of "fonts/raleway/Raleway-Medium" unsuccessful, 
falling back to file:
luaotfload | load : auto-selecting default features for script: dflt
luaotfload | load : path lookup of "fonts/raleway/Raleway-Medium" unsuccessful, 
falling back to file:
luaotfload: font no 64 (Raleway-Medium) defines feature kern for script latn
luaotfload: font no 64 (Raleway-Medium) defines feature kern for script latn
*************************************************
* fontspec warning: "no-mapping-ligtex"
* 
* Input mapping not (yet?) supported in LuaTeX.
* Use "Ligatures=TeX" instead of "Mapping=tex-text".
*************************************************
.................................................
. fontspec info: "defining-font"
. 
. Font family 'Raleway-Medium(0)' created for font 'Raleway-Medium' with
. options [Mapping=tex-text,Path = fonts/raleway/].
. 
. This font family consists of the following shapes:
.................................................
luaotfload | load : auto-selecting default features for script: latn
luaotfload | load : no defaults for script "latn", falling back to "dflt"
luaotfload | load : path lookup of "fonts/raleway/Raleway-Medium" unsuccessful, 
falling back to file:
luaotfload | load : auto-selecting default features for script: dflt
luaotfload | load : path lookup of "fonts/raleway/Raleway-Medium" unsuccessful, 
falling back to file:
luaotfload | load : auto-selecting default features for script: dflt
luaotfload | load : path lookup of "fonts/raleway/Raleway-Medium" unsuccessful, 
falling back to file:
luaotfload: font no 40 (Raleway-Medium) defines feature kern for script latn
luaotfload: font no 40 (Raleway-Medium) defines feature kern for script latn
*************************************************
* fontspec warning: "no-mapping-ligtex"
* 
* Input mapping not (yet?) supported in LuaTeX.
* Use "Ligatures=TeX" instead of "Mapping=tex-text".
*************************************************
.................................................
. fontspec info: "defining-font"
. 
. Font family 'Raleway-Medium(0)' created for font 'Raleway-Medium' with
. options [Mapping=tex-text,Path = fonts/raleway/].
. 
. This font family consists of the following shapes:
.................................................
luaotfload | load : auto-selecting default features for script: dflt
luaotfload | load : path lookup of "fonts/lato/Lato-Bol" unsuccessful, falling b
ack to file:
luaotfload | load : auto-selecting default features for script: dflt
luaotfload | load : path lookup of "fonts/lato/Lato-Bol" unsuccessful, falling b
ack to file:
luaotfload: font no 34 (Lato-Bold) defines feature kern for script latn
luaotfload: font no 34 (Lato-Bold) defines feature kern for script latn
*************************************************
* fontspec warning: "no-mapping-ligtex"
* 
* Input mapping not (yet?) supported in LuaTeX.
* Use "Ligatures=TeX" instead of "Mapping=tex-text".
*************************************************
.................................................
. fontspec info: "defining-font"
. 
. Font family 'Lato-Bol(0)' created for font 'Lato-Bol' with options
. [Mapping=tex-text,Path = fonts/lato/].
. 
. This font family consists of the following shapes:
.................................................
luaotfload | load : auto-selecting default features for script: dflt
luaotfload | load : path lookup of "fonts/raleway/Raleway-Medium" unsuccessful, 
falling back to file:
luaotfload | load : auto-selecting default features for script: dflt
luaotfload | load : path lookup of "fonts/raleway/Raleway-Medium" unsuccessful, 
falling back to file:
luaotfload: font no 64 (Raleway-Medium) defines feature kern for script latn
luaotfload: font no 64 (Raleway-Medium) defines feature kern for script latn
*************************************************
* fontspec warning: "no-mapping-ligtex"
* 
* Input mapping not (yet?) supported in LuaTeX.
* Use "Ligatures=TeX" instead of "Mapping=tex-text".
*************************************************
.................................................
. fontspec info: "defining-font"
. 
. Font family 'Raleway-Medium(0)' created for font 'Raleway-Medium' with
. options [Mapping=tex-text,Path = fonts/raleway/].
. 
. This font family consists of the following shapes:
.................................................
luaotfload | load : auto-selecting default features for script: dflt
luaotfload | load : path lookup of "fonts/raleway/Raleway-Medium" unsuccessful, 
falling back to file:
luaotfload | load : auto-selecting default features for script: dflt
luaotfload | load : path lookup of "fonts/raleway/Raleway-Medium" unsuccessful, 
falling back to file:
luaotfload: font no 40 (Raleway-Medium) defines feature kern for script latn
luaotfload: font no 40 (Raleway-Medium) defines feature kern for script latn
*************************************************
* fontspec warning: "no-mapping-ligtex"
* 
* Input mapping not (yet?) supported in LuaTeX.
* Use "Ligatures=TeX" instead of "Mapping=tex-text".
*************************************************
.................................................
. fontspec info: "defining-font"
. 
. Font family 'Raleway-Medium(0)' created for font 'Raleway-Medium' with
. options [Mapping=tex-text,Path = fonts/raleway/].
. 
. This font family consists of the following shapes:
.................................................
luaotfload | load : auto-selecting default features for script: dflt
luaotfload | load : path lookup of "fonts/lato/Lato-Bol" unsuccessful, falling b
ack to file:
luaotfload | load : auto-selecting default features for script: dflt
luaotfload | load : path lookup of "fonts/lato/Lato-Bol" unsuccessful, falling b
ack to file:
luaotfload: font no 34 (Lato-Bold) defines feature kern for script latn
luaotfload: font no 34 (Lato-Bold) defines feature kern for script latn
*************************************************
* fontspec warning: "no-mapping-ligtex"
* 
* Input mapping not (yet?) supported in LuaTeX.
* Use "Ligatures=TeX" instead of "Mapping=tex-text".
*************************************************
.................................................
. fontspec info: "defining-font"
. 
. Font family 'Lato-Bol(0)' created for font 'Lato-Bol' with options
. [Mapping=tex-text,Path = fonts/lato/].
. 
. This font family consists of the following shapes:
.................................................
luaotfload | load : auto-selecting default features for script: dflt
luaotfload | load : path lookup of "fonts/raleway/Raleway-Medium" unsuccessful, 
falling back to file:
luaotfload | load : auto-selecting default features for script: dflt
luaotfload | load : path lookup of "fonts/raleway/Raleway-Medium" unsuccessful, 
falling back to file:
luaotfload: font no 64 (Raleway-Medium) defines feature kern for script latn
luaotfload: font no 64 (Raleway-Medium) defines feature kern for script latn
*************************************************
* fontspec warning: "no-mapping-ligtex"
* 
* Input mapping not (yet?) supported in LuaTeX.
* Use "Ligatures=TeX" instead of "Mapping=tex-text".
*************************************************
.................................................
. fontspec info: "defining-font"
. 
. Font family 'Raleway-Medium(0)' created for font 'Raleway-Medium' with
. options [Mapping=tex-text,Path = fonts/raleway/].
. 
. This font family consists of the following shapes:
.................................................
luaotfload | load : auto-selecting default features for script: dflt
luaotfload | load : path lookup of "fonts/raleway/Raleway-Medium" unsuccessful, 
falling back to file:
luaotfload | load : auto-selecting default features for script: dflt
luaotfload | load : path lookup of "fonts/raleway/Raleway-Medium" unsuccessful, 
falling back to file:
luaotfload: font no 40 (Raleway-Medium) defines feature kern for script latn
luaotfload: font no 40 (Raleway-Medium) defines feature kern for script latn
*************************************************
* fontspec warning: "no-mapping-ligtex"
* 
* Input mapping not (yet?) supported in LuaTeX.
* Use "Ligatures=TeX" instead of "Mapping=tex-text".
*************************************************
.................................................
. fontspec info: "defining-font"
. 
. Font family 'Raleway-Medium(0)' created for font 'Raleway-Medium' with
. options [Mapping=tex-text,Path = fonts/raleway/].
. 
. This font family consists of the following shapes:
.................................................
luaotfload | load : auto-selecting default features for script: dflt
luaotfload | load : auto-selecting default features for script: dflt
luaotfload | load : path lookup of "fonts/lato/Lato-Lig" unsuccessful, falling b
ack to file:
luaotfload | load : auto-selecting default features for script: dflt
luaotfload | load : path lookup of "fonts/lato/Lato-Lig" unsuccessful, falling b
ack to file:
luaotfload: font no 31 (Lato-Light) defines feature kern for script latn
luaotfload: font no 31 (Lato-Light) defines feature kern for script latn
*************************************************
* fontspec warning: "no-mapping-ligtex"
* 
* Input mapping not (yet?) supported in LuaTeX.
* Use "Ligatures=TeX" instead of "Mapping=tex-text".
*************************************************
.................................................
. fontspec info: "defining-font"
. 
. Font family 'Lato-Lig(0)' created for font 'Lato-Lig' with options
. [Mapping=tex-text,Path = fonts/lato/].
. 
. This font family consists of the following shapes:
.................................................
luaotfload | load : auto-selecting default features for script: dflt
luaotfload | load : path lookup of "fonts/lato/Lato-Bol" unsuccessful, falling b
ack to file:
luaotfload | load : auto-selecting default features for script: dflt
luaotfload | load : path lookup of "fonts/lato/Lato-Bol" unsuccessful, falling b
ack to file:
luaotfload: font no 34 (Lato-Bold) defines feature kern for script latn
luaotfload: font no 34 (Lato-Bold) defines feature kern for script latn
*************************************************
* fontspec warning: "no-mapping-ligtex"
* 
* Input mapping not (yet?) supported in LuaTeX.
* Use "Ligatures=TeX" instead of "Mapping=tex-text".
*************************************************
.................................................
. fontspec info: "defining-font"
. 
. Font family 'Lato-Bol(0)' created for font 'Lato-Bol' with options
. [Mapping=tex-text,Path = fonts/lato/].
. 
. This font family consists of the following shapes:
.................................................
luaotfload | load : auto-selecting default features for script: dflt
luaotfload | load : path lookup of "fonts/raleway/Raleway-Medium" unsuccessful, 
falling back to file:
luaotfload | load : auto-selecting default features for script: dflt
luaotfload | load : path lookup of "fonts/raleway/Raleway-Medium" unsuccessful, 
falling back to file:
luaotfload: font no 64 (Raleway-Medium) defines feature kern for script latn
luaotfload: font no 64 (Raleway-Medium) defines feature kern for script latn
*************************************************
* fontspec warning: "no-mapping-ligtex"
* 
* Input mapping not (yet?) supported in LuaTeX.
* Use "Ligatures=TeX" instead of "Mapping=tex-text".
*************************************************
.................................................
. fontspec info: "defining-font"
. 
. Font family 'Raleway-Medium(0)' created for font 'Raleway-Medium' with
. options [Mapping=tex-text,Path = fonts/raleway/].
. 
. This font family consists of the following shapes:
.................................................
luaotfload | load : auto-selecting default features for script: dflt
luaotfload | load : path lookup of "fonts/raleway/Raleway-Medium" unsuccessful, 
falling back to file:
luaotfload | load : auto-selecting default features for script: dflt
luaotfload | load : path lookup of "fonts/raleway/Raleway-Medium" unsuccessful, 
falling back to file:
luaotfload: font no 40 (Raleway-Medium) defines feature kern for script latn
luaotfload: font no 40 (Raleway-Medium) defines feature kern for script latn
*************************************************
* fontspec warning: "no-mapping-ligtex"
* 
* Input mapping not (yet?) supported in LuaTeX.
* Use "Ligatures=TeX" instead of "Mapping=tex-text".
*************************************************
.................................................
. fontspec info: "defining-font"
. 
. Font family 'Raleway-Medium(0)' created for font 'Raleway-Medium' with
. options [Mapping=tex-text,Path = fonts/raleway/].
. 
. This font family consists of the following shapes:
.................................................
luaotfload | load : auto-selecting default features for script: dflt
luaotfload | load : path lookup of "fonts/lato/Lato-Bol" unsuccessful, falling b
ack to file:
luaotfload | load : auto-selecting default features for script: dflt
luaotfload | load : path lookup of "fonts/lato/Lato-Bol" unsuccessful, falling b
ack to file:
luaotfload: font no 34 (Lato-Bold) defines feature kern for script latn
luaotfload: font no 34 (Lato-Bold) defines feature kern for script latn
*************************************************
* fontspec warning: "no-mapping-ligtex"
* 
* Input mapping not (yet?) supported in LuaTeX.
* Use "Ligatures=TeX" instead of "Mapping=tex-text".
*************************************************
.................................................
. fontspec info: "defining-font"
. 
. Font family 'Lato-Bol(0)' created for font 'Lato-Bol' with options
. [Mapping=tex-text,Path = fonts/lato/].
. 
. This font family consists of the following shapes:
.................................................
luaotfload | load : auto-selecting default features for script: dflt
luaotfload | load : path lookup of "fonts/raleway/Raleway-Medium" unsuccessful, 
falling back to file:
luaotfload | load : auto-selecting default features for script: dflt
luaotfload | load : path lookup of "fonts/raleway/Raleway-Medium" unsuccessful, 
falling back to file:
luaotfload: font no 64 (Raleway-Medium) defines feature kern for script latn
luaotfload: font no 64 (Raleway-Medium) defines feature kern for script latn
*************************************************
* fontspec warning: "no-mapping-ligtex"
* 
* Input mapping not (yet?) supported in LuaTeX.
* Use "Ligatures=TeX" instead of "Mapping=tex-text".
*************************************************
.................................................
. fontspec info: "defining-font"
. 
. Font family 'Raleway-Medium(0)' created for font 'Raleway-Medium' with
. options [Mapping=tex-text,Path = fonts/raleway/].
. 
. This font family consists of the following shapes:
.................................................
luaotfload | load : auto-selecting default features for script: dflt
luaotfload | load : path lookup of "fonts/raleway/Raleway-Medium" unsuccessful, 
falling back to file:
luaotfload | load : auto-selecting default features for script: dflt
luaotfload | load : path lookup of "fonts/raleway/Raleway-Medium" unsuccessful, 
falling back to file:
luaotfload: font no 40 (Raleway-Medium) defines feature kern for script latn
luaotfload: font no 40 (Raleway-Medium) defines feature kern for script latn
*************************************************
* fontspec warning: "no-mapping-ligtex"
* 
* Input mapping not (yet?) supported in LuaTeX.
* Use "Ligatures=TeX" instead of "Mapping=tex-text".
*************************************************
.................................................
. fontspec info: "defining-font"
. 
. Font family 'Raleway-Medium(0)' created for font 'Raleway-Medium' with
. options [Mapping=tex-text,Path = fonts/raleway/].
. 
. This font family consists of the following shapes:
.................................................
luaotfload | load : auto-selecting default features for script: dflt
luaotfload | load : path lookup of "fonts/lato/Lato-Lig" unsuccessful, falling b
ack to file:
luaotfload | load : auto-selecting default features for script: dflt
luaotfload | load : path lookup of "fonts/lato/Lato-Lig" unsuccessful, falling b
ack to file:
luaotfload: font no 31 (Lato-Light) defines feature kern for script latn
luaotfload: font no 31 (Lato-Light) defines feature kern for script latn
*************************************************
* fontspec warning: "no-mapping-ligtex"
* 
* Input mapping not (yet?) supported in LuaTeX.
* Use "Ligatures=TeX" instead of "Mapping=tex-text".
*************************************************
.................................................
. fontspec info: "defining-font"
. 
. Font family 'Lato-Lig(0)' created for font 'Lato-Lig' with options
. [Mapping=tex-text,Path = fonts/lato/].
. 
. This font family consists of the following shapes:
.................................................
luaotfload | load : auto-selecting default features for script: dflt
luaotfload | load : path lookup of "fonts/lato/Lato-Bol" unsuccessful, falling b
ack to file:
luaotfload | load : auto-selecting default features for script: dflt
luaotfload | load : path lookup of "fonts/lato/Lato-Bol" unsuccessful, falling b
ack to file:
luaotfload: font no 34 (Lato-Bold) defines feature kern for script latn
luaotfload: font no 34 (Lato-Bold) defines feature kern for script latn
*************************************************
* fontspec warning: "no-mapping-ligtex"
* 
* Input mapping not (yet?) supported in LuaTeX.
* Use "Ligatures=TeX" instead of "Mapping=tex-text".
*************************************************
.................................................
. fontspec info: "defining-font"
. 
. Font family 'Lato-Bol(0)' created for font 'Lato-Bol' with options
. [Mapping=tex-text,Path = fonts/lato/].
. 
. This font family consists of the following shapes:
.................................................
luaotfload | load : auto-selecting default features for script: dflt
luaotfload | load : path lookup of "fonts/raleway/Raleway-Medium" unsuccessful, 
falling back to file:
luaotfload | load : auto-selecting default features for script: dflt
luaotfload | load : path lookup of "fonts/raleway/Raleway-Medium" unsuccessful, 
falling back to file:
luaotfload: font no 64 (Raleway-Medium) defines feature kern for script latn
luaotfload: font no 64 (Raleway-Medium) defines feature kern for script latn
*************************************************
* fontspec warning: "no-mapping-ligtex"
* 
* Input mapping not (yet?) supported in LuaTeX.
* Use "Ligatures=TeX" instead of "Mapping=tex-text".
*************************************************
.................................................
. fontspec info: "defining-font"
. 
. Font family 'Raleway-Medium(0)' created for font 'Raleway-Medium' with
. options [Mapping=tex-text,Path = fonts/raleway/].
. 
. This font family consists of the following shapes:
.................................................
luaotfload | load : auto-selecting default features for script: dflt
luaotfload | load : path lookup of "fonts/raleway/Raleway-Medium" unsuccessful, 
falling back to file:
luaotfload | load : auto-selecting default features for script: dflt
luaotfload | load : path lookup of "fonts/raleway/Raleway-Medium" unsuccessful, 
falling back to file:
luaotfload: font no 40 (Raleway-Medium) defines feature kern for script latn
luaotfload: font no 40 (Raleway-Medium) defines feature kern for script latn
*************************************************
* fontspec warning: "no-mapping-ligtex"
* 
* Input mapping not (yet?) supported in LuaTeX.
* Use "Ligatures=TeX" instead of "Mapping=tex-text".
*************************************************
.................................................
. fontspec info: "defining-font"
. 
. Font family 'Raleway-Medium(0)' created for font 'Raleway-Medium' with
. options [Mapping=tex-text,Path = fonts/raleway/].
. 
. This font family consists of the following shapes:
.................................................

LaTeX Font Warning: Font shape `EU2/HelveticaLight(0)/m/it' undefined
(Font)              using `EU2/HelveticaLight(0)/m/n' instead on input line 257.


LaTeX Font Info:    Try loading font information for EU2+lmtt on input line 258.

(/usr/local/texlive/2014/texmf-dist/tex/latex/euenc/eu2lmtt.fd
File: eu2lmtt.fd 2009/10/30 v1.6 Font defs for Latin Modern
)
luaotfload | load : auto-selecting default features for script: latn
luaotfload | load : no defaults for script "latn", falling back to "dflt"(load l
uc: /Users/ntindall/Library/texlive/2014/texmf-var/luatex-cache/generic/fonts/ot
f/lmmono10-regular.luc)
luaotfload | load : auto-selecting default features for script: dflt
luaotfload | load : auto-selecting default features for script: dflt
luaotfload | load : auto-selecting default features for script: dflt
luaotfload | load : auto-selecting default features for script: dflt
luaotfload | load : auto-selecting default features for script: dflt
luaotfload | load : auto-selecting default features for script: dflt
LaTeX Font Info:    External font `cmex10' loaded for size
(Font)              <7> on input line 258.
luaotfload | load : auto-selecting default features for script: dflt
LaTeX Font Info:    External font `cmex10' loaded for size
(Font)              <5> on input line 258.
luaotfload | load : auto-selecting default features for script: dflt
luaotfload | load : auto-selecting default features for script: dflt
luaotfload | load : auto-selecting default features for script: dflt
luaotfload | load : path lookup of "fonts/lato/Lato-Bol" unsuccessful, falling b
ack to file:
luaotfload | load : auto-selecting default features for script: dflt
luaotfload | load : path lookup of "fonts/lato/Lato-Bol" unsuccessful, falling b
ack to file:
luaotfload: font no 34 (Lato-Bold) defines feature kern for script latn
luaotfload: font no 34 (Lato-Bold) defines feature kern for script latn
*************************************************
* fontspec warning: "no-mapping-ligtex"
* 
* Input mapping not (yet?) supported in LuaTeX.
* Use "Ligatures=TeX" instead of "Mapping=tex-text".
*************************************************
.................................................
. fontspec info: "defining-font"
. 
. Font family 'Lato-Bol(0)' created for font 'Lato-Bol' with options
. [Mapping=tex-text,Path = fonts/lato/].
. 
. This font family consists of the following shapes:
.................................................
luaotfload | load : auto-selecting default features for script: dflt
luaotfload | load : path lookup of "fonts/raleway/Raleway-Medium" unsuccessful, 
falling back to file:
luaotfload | load : auto-selecting default features for script: dflt
luaotfload | load : path lookup of "fonts/raleway/Raleway-Medium" unsuccessful, 
falling back to file:
luaotfload: font no 64 (Raleway-Medium) defines feature kern for script latn
luaotfload: font no 64 (Raleway-Medium) defines feature kern for script latn
*************************************************
* fontspec warning: "no-mapping-ligtex"
* 
* Input mapping not (yet?) supported in LuaTeX.
* Use "Ligatures=TeX" instead of "Mapping=tex-text".
*************************************************
.................................................
. fontspec info: "defining-font"
. 
. Font family 'Raleway-Medium(0)' created for font 'Raleway-Medium' with
. options [Mapping=tex-text,Path = fonts/raleway/].
. 
. This font family consists of the following shapes:
.................................................
luaotfload | load : auto-selecting default features for script: dflt
luaotfload | load : path lookup of "fonts/raleway/Raleway-Medium" unsuccessful, 
falling back to file:
luaotfload | load : auto-selecting default features for script: dflt
luaotfload | load : path lookup of "fonts/raleway/Raleway-Medium" unsuccessful, 
falling back to file:
luaotfload: font no 40 (Raleway-Medium) defines feature kern for script latn
luaotfload: font no 40 (Raleway-Medium) defines feature kern for script latn
*************************************************
* fontspec warning: "no-mapping-ligtex"
* 
* Input mapping not (yet?) supported in LuaTeX.
* Use "Ligatures=TeX" instead of "Mapping=tex-text".
*************************************************
.................................................
. fontspec info: "defining-font"
. 
. Font family 'Raleway-Medium(0)' created for font 'Raleway-Medium' with
. options [Mapping=tex-text,Path = fonts/raleway/].
. 
. This font family consists of the following shapes:
.................................................
Package atveryend Info: Empty hook `BeforeClearDocument' on input line 310.
[1

{/usr/local/texlive/2014/texmf-var/fonts/map/pdftex/updmap/pdftex.map}]
Package atveryend Info: Empty hook `AfterLastShipout' on input line 310.

(./resume_tindall_nathan.aux)
Package atveryend Info: Executing hook `AtVeryEndDocument' on input line 310.
Package atveryend Info: Executing hook `AtEndAfterFileList' on input line 310.
Package rerunfilecheck Info: File `resume_tindall_nathan.out' has not changed.
(rerunfilecheck)             Checksum: 699616B93517757C1674602F7B514BDE;438.


LaTeX Font Warning: Size substitutions with differences
(Font)              up to 0.5pt have occurred.


LaTeX Font Warning: Some font shapes were not available, defaults substituted.

Package atveryend Info: Empty hook `AtVeryVeryEnd' on input line 310.
)

Here is how much of LuaTeX's memory you used:
 19804 strings out of 494695
 100000,552014 words of node,token memory allocated
 322 words of node memory still in use:
   3 hlist, 1 vlist, 1 rule, 2 glue, 1 kern, 4 attribute, 45 glue_spec, 4 attrib
ute_list, 1 write nodes
   avail lists: 2:3298,3:7425,4:1409,5:105,6:3005,7:59,8:16,9:201,10:312
 22686 multiletter control sequences out of 65536+600000
 73 fonts using 5647103 bytes
 54i,5n,90p,464b,485s stack positions out of 5000i,500n,10000p,200000b,100000s
</usr/local/texlive/2014/texmf-dist/fonts/opentype/public/lm/lmmono10-regular.ot
f><./Helvetica.aH72NX><./fonts/lato/Lato-Bol.ttf><./fonts/raleway/Raleway-Medium
.otf><./fonts/lato/Lato-Lig.ttf><./fonts/lato/Lato-Hai.ttf>
Output written on resume_tindall_nathan.pdf (1 page, 60381 bytes).

PDF statistics: 97 PDF objects out of 1000 (max. 8388607)
 75 compressed objects within 1 object stream
 11 named destinations out of 1000 (max. 131072)
 73 words of extra memory for PDF output out of 10000 (max. 10000000)

